<?xml version="1.0" encoding="UTF-8"?>
<testsuite xmlns:xsi="http://www.w3.org/2001/XMLSchema-instance" xsi:noNamespaceSchemaLocation="https://maven.apache.org/surefire/maven-surefire-plugin/xsd/surefire-test-report-3.0.xsd" version="3.0" name="org.example.TestRunner.Runner" time="301.257" tests="25" errors="0" skipped="0" failures="3">
  <properties>
[...]
</properties>
  <testcase name="runScenario[&quot;user Registered. (Happy Scenario)&quot;, &quot;user try to Register Successfully&quot;](1)" classname="org.example.TestRunner.Runner" time="6.322">
    <system-out><![CDATA[rgba(0, 0, 0, 0)
]]></system-out>
    <system-err><![CDATA[SLF4J: Failed to load class "org.slf4j.impl.StaticLoggerBinder".
SLF4J: Defaulting to no-operation (NOP) logger implementation
SLF4J: See http://www.slf4j.org/codes.html#StaticLoggerBinder for further details.
Starting ChromeDriver 103.0.5060.53 (a1711811edd74ff1cf2150f36ffa3b0dae40b17f-refs/branch-heads/5060@{#853}) on port 53193
Only local connections are allowed.
Please see https://chromedriver.chromium.org/security-considerations for suggestions on keeping ChromeDriver safe.
ChromeDriver was started successfully.
Jul 19, 2022 12:13:17 AM org.openqa.selenium.remote.ProtocolHandshake createSession
INFO: Detected upstream dialect: W3C
Jul 19, 2022 12:13:17 AM org.openqa.selenium.devtools.CdpVersionFinder findNearestMatch
INFO: Found exact CDP implementation for version 103
]]></system-err>
  </testcase>
  <testcase name="runScenario[&quot;user Login in (Happy Scenario)&quot;, &quot;Login Functionality&quot;](2)" classname="org.example.TestRunner.Runner" time="4.726">
    <system-err><![CDATA[Starting ChromeDriver 103.0.5060.53 (a1711811edd74ff1cf2150f36ffa3b0dae40b17f-refs/branch-heads/5060@{#853}) on port 50567
Only local connections are allowed.
Please see https://chromedriver.chromium.org/security-considerations for suggestions on keeping ChromeDriver safe.
ChromeDriver was started successfully.
Jul 19, 2022 12:13:23 AM org.openqa.selenium.remote.ProtocolHandshake createSession
INFO: Detected upstream dialect: W3C
Jul 19, 2022 12:13:23 AM org.openqa.selenium.devtools.CdpVersionFinder findNearestMatch
INFO: Found exact CDP implementation for version 103
]]></system-err>
  </testcase>
  <testcase name="runScenario[&quot;user Login in (Negative Scenario)&quot;, &quot;Login Functionality&quot;](3)" classname="org.example.TestRunner.Runner" time="4.179">
    <system-err><![CDATA[Starting ChromeDriver 103.0.5060.53 (a1711811edd74ff1cf2150f36ffa3b0dae40b17f-refs/branch-heads/5060@{#853}) on port 62928
Only local connections are allowed.
Please see https://chromedriver.chromium.org/security-considerations for suggestions on keeping ChromeDriver safe.
ChromeDriver was started successfully.
Jul 19, 2022 12:13:27 AM org.openqa.selenium.remote.ProtocolHandshake createSession
INFO: Detected upstream dialect: W3C
Jul 19, 2022 12:13:27 AM org.openqa.selenium.devtools.CdpVersionFinder findNearestMatch
INFO: Found exact CDP implementation for version 103
]]></system-err>
  </testcase>
  <testcase name="runScenario[&quot;Happy Scenario of reseting Password&quot;, &quot;User can reset Password successfullly&quot;](4)" classname="org.example.TestRunner.Runner" time="4.897">
    <system-err><![CDATA[Starting ChromeDriver 103.0.5060.53 (a1711811edd74ff1cf2150f36ffa3b0dae40b17f-refs/branch-heads/5060@{#853}) on port 63143
Only local connections are allowed.
Please see https://chromedriver.chromium.org/security-considerations for suggestions on keeping ChromeDriver safe.
ChromeDriver was started successfully.
Jul 19, 2022 12:13:31 AM org.openqa.selenium.remote.ProtocolHandshake createSession
INFO: Detected upstream dialect: W3C
Jul 19, 2022 12:13:31 AM org.openqa.selenium.devtools.CdpVersionFinder findNearestMatch
INFO: Found exact CDP implementation for version 103
]]></system-err>
  </testcase>
  <testcase name="runScenario[&quot;user Search for An (product Name)&quot;, &quot;Check that user can search for any proudct&quot;](5)" classname="org.example.TestRunner.Runner" time="5.627">
    <system-err><![CDATA[Starting ChromeDriver 103.0.5060.53 (a1711811edd74ff1cf2150f36ffa3b0dae40b17f-refs/branch-heads/5060@{#853}) on port 56150
Only local connections are allowed.
Please see https://chromedriver.chromium.org/security-considerations for suggestions on keeping ChromeDriver safe.
ChromeDriver was started successfully.
Jul 19, 2022 12:13:36 AM org.openqa.selenium.remote.ProtocolHandshake createSession
INFO: Detected upstream dialect: W3C
Jul 19, 2022 12:13:36 AM org.openqa.selenium.devtools.CdpVersionFinder findNearestMatch
INFO: Found exact CDP implementation for version 103
]]></system-err>
  </testcase>
  <testcase name="runScenario[&quot;user Search for An (product Name)&quot;, &quot;Check that user can search for any proudct&quot;](6)" classname="org.example.TestRunner.Runner" time="5.428">
    <system-err><![CDATA[Starting ChromeDriver 103.0.5060.53 (a1711811edd74ff1cf2150f36ffa3b0dae40b17f-refs/branch-heads/5060@{#853}) on port 64908
Only local connections are allowed.
Please see https://chromedriver.chromium.org/security-considerations for suggestions on keeping ChromeDriver safe.
ChromeDriver was started successfully.
Jul 19, 2022 12:13:42 AM org.openqa.selenium.remote.ProtocolHandshake createSession
INFO: Detected upstream dialect: W3C
Jul 19, 2022 12:13:42 AM org.openqa.selenium.devtools.CdpVersionFinder findNearestMatch
INFO: Found exact CDP implementation for version 103
]]></system-err>
  </testcase>
  <testcase name="runScenario[&quot;user Search for An (product Name)&quot;, &quot;Check that user can search for any proudct&quot;](7)" classname="org.example.TestRunner.Runner" time="5.611">
    <system-err><![CDATA[Starting ChromeDriver 103.0.5060.53 (a1711811edd74ff1cf2150f36ffa3b0dae40b17f-refs/branch-heads/5060@{#853}) on port 53510
Only local connections are allowed.
Please see https://chromedriver.chromium.org/security-considerations for suggestions on keeping ChromeDriver safe.
ChromeDriver was started successfully.
Jul 19, 2022 12:13:47 AM org.openqa.selenium.remote.ProtocolHandshake createSession
INFO: Detected upstream dialect: W3C
Jul 19, 2022 12:13:47 AM org.openqa.selenium.devtools.CdpVersionFinder findNearestMatch
INFO: Found exact CDP implementation for version 103
]]></system-err>
  </testcase>
  <testcase name="runScenario[&quot;user Search for An (Sku)&quot;, &quot;Check that user can search for any proudct&quot;](8)" classname="org.example.TestRunner.Runner" time="8.975">
    <system-err><![CDATA[Starting ChromeDriver 103.0.5060.53 (a1711811edd74ff1cf2150f36ffa3b0dae40b17f-refs/branch-heads/5060@{#853}) on port 56292
Only local connections are allowed.
Please see https://chromedriver.chromium.org/security-considerations for suggestions on keeping ChromeDriver safe.
ChromeDriver was started successfully.
Jul 19, 2022 12:13:53 AM org.openqa.selenium.remote.ProtocolHandshake createSession
INFO: Detected upstream dialect: W3C
Jul 19, 2022 12:13:53 AM org.openqa.selenium.devtools.CdpVersionFinder findNearestMatch
INFO: Found exact CDP implementation for version 103
]]></system-err>
  </testcase>
  <testcase name="runScenario[&quot;user Search for An (Sku)&quot;, &quot;Check that user can search for any proudct&quot;](9)" classname="org.example.TestRunner.Runner" time="7.477">
    <system-out><![CDATA[
@smoke
Scenario: user Registered. (Happy Scenario) &amp#27;[90m# src/main/resources/Features/F01_Register.feature:4&amp#27;[0m
  &amp#27;[32mGiven &amp#27;[0m&amp#27;[32muser navigate to register page&amp#27;[0m      &amp#27;[90m# org.example.Steps.S01_Register.RegLink()&amp#27;[0m
  &amp#27;[32mWhen &amp#27;[0m&amp#27;[32muser fill personal data detailes&amp#27;[0m     &amp#27;[90m# org.example.Steps.S01_Register.fillpersonalData()&amp#27;[0m
  &amp#27;[32mAnd &amp#27;[0m&amp#27;[32mfill company details&amp#27;[0m                  &amp#27;[90m# org.example.Steps.S01_Register.companydetails()&amp#27;[0m
  &amp#27;[32mAnd &amp#27;[0m&amp#27;[32mfill password fields&amp#27;[0m                  &amp#27;[90m# org.example.Steps.S01_Register.passswords()&amp#27;[0m
  &amp#27;[32mAnd &amp#27;[0m&amp#27;[32mclick register button&amp#27;[0m                 &amp#27;[90m# org.example.Steps.S01_Register.regb()&amp#27;[0m
  &amp#27;[32mThen &amp#27;[0m&amp#27;[32muser Registerd Successfully&amp#27;[0m          &amp#27;[90m# org.example.Steps.S01_Register.CheckREgisterResult()&amp#27;[0m

@smoke
Scenario: user Login in (Happy Scenario)        &amp#27;[90m# src/main/resources/Features/F02_Login.feature:4&amp#27;[0m
  &amp#27;[32mGiven &amp#27;[0m&amp#27;[32muser navigate to Login page&amp#27;[0m             &amp#27;[90m# org.example.Steps.S02_Login.NavToLogin()&amp#27;[0m
  &amp#27;[32mWhen &amp#27;[0m&amp#27;[32mtype "&amp#27;[0m&amp#27;[32m&amp#27;[1mabaashelmy@gmail.com&amp#27;[0m&amp#27;[32m" and "&amp#27;[0m&amp#27;[32m&amp#27;[1m123123&amp#27;[0m&amp#27;[32m"&amp#27;[0m &amp#27;[90m# org.example.Steps.S02_Login.typeEmaiAndPass(java.lang.String,java.lang.String)&amp#27;[0m
  &amp#27;[32mAnd &amp#27;[0m&amp#27;[32mClick on Login button&amp#27;[0m                     &amp#27;[90m# org.example.Steps.S02_Login.clicklogButton()&amp#27;[0m
  &amp#27;[32mThen &amp#27;[0m&amp#27;[32muser logged in successfully&amp#27;[0m              &amp#27;[90m# org.example.Steps.S02_Login.UserLoggedIn()&amp#27;[0m

@smoke
Scenario: user Login in (Negative Scenario)       &amp#27;[90m# src/main/resources/Features/F02_Login.feature:10&amp#27;[0m
  &amp#27;[32mGiven &amp#27;[0m&amp#27;[32muser navigate to Login page Negative&amp#27;[0m      &amp#27;[90m# org.example.Steps.S02_Login.NavToLoginVegative()&amp#27;[0m
  &amp#27;[32mWhen &amp#27;[0m&amp#27;[32mtypee "&amp#27;[0m&amp#27;[32m&amp#27;[1mabaashelmmy@gmail.com&amp#27;[0m&amp#27;[32m" and "&amp#27;[0m&amp#27;[32m&amp#27;[1m123122&amp#27;[0m&amp#27;[32m"&amp#27;[0m &amp#27;[90m# org.example.Steps.S02_Login.typeEmaiAndPassNeg(java.lang.String,java.lang.String)&amp#27;[0m
  &amp#27;[32mAnd &amp#27;[0m&amp#27;[32mClick on Login button Negative&amp#27;[0m              &amp#27;[90m# org.example.Steps.S02_Login.clicklogButtonNeg()&amp#27;[0m
  &amp#27;[32mThen &amp#27;[0m&amp#27;[32muser can not login&amp#27;[0m                         &amp#27;[90m# org.example.Steps.S02_Login.UserCannotLoggedIn()&amp#27;[0m

@smoke
Scenario: Happy Scenario of reseting Password &amp#27;[90m# src/main/resources/Features/F03_ResetPassord.feature:4&amp#27;[0m
  &amp#27;[32mGiven &amp#27;[0m&amp#27;[32muser Navigate to Login page&amp#27;[0m           &amp#27;[90m# org.example.Steps.S03_ResetPassword.gotologinPage()&amp#27;[0m
  &amp#27;[32mWhen &amp#27;[0m&amp#27;[32muser Type Email&amp#27;[0m                        &amp#27;[90m# org.example.Steps.S03_ResetPassword.UserTypeEmail()&amp#27;[0m
  &amp#27;[32mAnd &amp#27;[0m&amp#27;[32muser Clik on forget password&amp#27;[0m            &amp#27;[90m# org.example.Steps.S03_ResetPassword.CLickOnForgetPass()&amp#27;[0m
  &amp#27;[32mAnd &amp#27;[0m&amp#27;[32mFill Email Information&amp#27;[0m                  &amp#27;[90m# org.example.Steps.S03_ResetPassword.fillmail()&amp#27;[0m
  &amp#27;[32mAnd &amp#27;[0m&amp#27;[32mclick on Recover&amp#27;[0m                        &amp#27;[90m# org.example.Steps.S03_ResetPassword.ClickRecover()&amp#27;[0m
  &amp#27;[32mThen &amp#27;[0m&amp#27;[32mintstruction of rest sent successfuly&amp#27;[0m  &amp#27;[90m# org.example.Steps.S03_ResetPassword.CheckResultOfRecover()&amp#27;[0m

@smoke
Scenario Outline: user Search for An (product Name) &amp#27;[90m# src/main/resources/Features/F04_SearchBar.feature:16&amp#27;[0m
  &amp#27;[32mGiven &amp#27;[0m&amp#27;[32muser navigate to Login page&amp#27;[0m                 &amp#27;[90m# org.example.Steps.S02_Login.NavToLogin()&amp#27;[0m
  &amp#27;[32mWhen &amp#27;[0m&amp#27;[32mtype "&amp#27;[0m&amp#27;[32m&amp#27;[1mabaashelmy@gmail.com&amp#27;[0m&amp#27;[32m" and "&amp#27;[0m&amp#27;[32m&amp#27;[1m123123&amp#27;[0m&amp#27;[32m"&amp#27;[0m     &amp#27;[90m# org.example.Steps.S02_Login.typeEmaiAndPass(java.lang.String,java.lang.String)&amp#27;[0m
  &amp#27;[32mAnd &amp#27;[0m&amp#27;[32mClick on Login button&amp#27;[0m                         &amp#27;[90m# org.example.Steps.S02_Login.clicklogButton()&amp#27;[0m
  &amp#27;[32mThen &amp#27;[0m&amp#27;[32muser logged in successfully&amp#27;[0m                  &amp#27;[90m# org.example.Steps.S02_Login.UserLoggedIn()&amp#27;[0m
  &amp#27;[32mGiven &amp#27;[0m&amp#27;[32muser types on &amp#27;[0m&amp#27;[32m&amp#27;[1mbook&amp#27;[0m&amp#27;[32m in Search Bar&amp#27;[0m            &amp#27;[90m# org.example.Steps.S04_SearchBar.TypeinSearchfield(java.lang.String)&amp#27;[0m
  &amp#27;[32mWhen &amp#27;[0m&amp#27;[32muser Click on Search button&amp#27;[0m                  &amp#27;[90m# org.example.Steps.S04_SearchBar.PressSearchButton()&amp#27;[0m
  &amp#27;[32mThen &amp#27;[0m&amp#27;[32mSearch result must be appears &amp#27;[0m&amp#27;[32m&amp#27;[1mbook&amp#27;[0m           &amp#27;[90m# org.example.Steps.S04_SearchBar.CheckResultOfSearch(java.lang.String)&amp#27;[0m

@smoke
Scenario Outline: user Search for An (product Name) &amp#27;[90m# src/main/resources/Features/F04_SearchBar.feature:17&amp#27;[0m
  &amp#27;[32mGiven &amp#27;[0m&amp#27;[32muser navigate to Login page&amp#27;[0m                 &amp#27;[90m# org.example.Steps.S02_Login.NavToLogin()&amp#27;[0m
  &amp#27;[32mWhen &amp#27;[0m&amp#27;[32mtype "&amp#27;[0m&amp#27;[32m&amp#27;[1mabaashelmy@gmail.com&amp#27;[0m&amp#27;[32m" and "&amp#27;[0m&amp#27;[32m&amp#27;[1m123123&amp#27;[0m&amp#27;[32m"&amp#27;[0m     &amp#27;[90m# org.example.Steps.S02_Login.typeEmaiAndPass(java.lang.String,java.lang.String)&amp#27;[0m
  &amp#27;[32mAnd &amp#27;[0m&amp#27;[32mClick on Login button&amp#27;[0m                         &amp#27;[90m# org.example.Steps.S02_Login.clicklogButton()&amp#27;[0m
  &amp#27;[32mThen &amp#27;[0m&amp#27;[32muser logged in successfully&amp#27;[0m                  &amp#27;[90m# org.example.Steps.S02_Login.UserLoggedIn()&amp#27;[0m
  &amp#27;[32mGiven &amp#27;[0m&amp#27;[32muser types on &amp#27;[0m&amp#27;[32m&amp#27;[1mlaptop&amp#27;[0m&amp#27;[32m in Search Bar&amp#27;[0m          &amp#27;[90m# org.example.Steps.S04_SearchBar.TypeinSearchfield(java.lang.String)&amp#27;[0m
  &amp#27;[32mWhen &amp#27;[0m&amp#27;[32muser Click on Search button&amp#27;[0m                  &amp#27;[90m# org.example.Steps.S04_SearchBar.PressSearchButton()&amp#27;[0m
  &amp#27;[32mThen &amp#27;[0m&amp#27;[32mSearch result must be appears &amp#27;[0m&amp#27;[32m&amp#27;[1mlaptop&amp#27;[0m         &amp#27;[90m# org.example.Steps.S04_SearchBar.CheckResultOfSearch(java.lang.String)&amp#27;[0m

@smoke
Scenario Outline: user Search for An (product Name) &amp#27;[90m# src/main/resources/Features/F04_SearchBar.feature:18&amp#27;[0m
  &amp#27;[32mGiven &amp#27;[0m&amp#27;[32muser navigate to Login page&amp#27;[0m                 &amp#27;[90m# org.example.Steps.S02_Login.NavToLogin()&amp#27;[0m
  &amp#27;[32mWhen &amp#27;[0m&amp#27;[32mtype "&amp#27;[0m&amp#27;[32m&amp#27;[1mabaashelmy@gmail.com&amp#27;[0m&amp#27;[32m" and "&amp#27;[0m&amp#27;[32m&amp#27;[1m123123&amp#27;[0m&amp#27;[32m"&amp#27;[0m     &amp#27;[90m# org.example.Steps.S02_Login.typeEmaiAndPass(java.lang.String,java.lang.String)&amp#27;[0m
  &amp#27;[32mAnd &amp#27;[0m&amp#27;[32mClick on Login button&amp#27;[0m                         &amp#27;[90m# org.example.Steps.S02_Login.clicklogButton()&amp#27;[0m
  &amp#27;[32mThen &amp#27;[0m&amp#27;[32muser logged in successfully&amp#27;[0m                  &amp#27;[90m# org.example.Steps.S02_Login.UserLoggedIn()&amp#27;[0m
  &amp#27;[32mGiven &amp#27;[0m&amp#27;[32muser types on &amp#27;[0m&amp#27;[32m&amp#27;[1mnike&amp#27;[0m&amp#27;[32m in Search Bar&amp#27;[0m            &amp#27;[90m# org.example.Steps.S04_SearchBar.TypeinSearchfield(java.lang.String)&amp#27;[0m
  &amp#27;[32mWhen &amp#27;[0m&amp#27;[32muser Click on Search button&amp#27;[0m                  &amp#27;[90m# org.example.Steps.S04_SearchBar.PressSearchButton()&amp#27;[0m
  &amp#27;[32mThen &amp#27;[0m&amp#27;[32mSearch result must be appears &amp#27;[0m&amp#27;[32m&amp#27;[1mnike&amp#27;[0m           &amp#27;[90m# org.example.Steps.S04_SearchBar.CheckResultOfSearch(java.lang.String)&amp#27;[0m

@smoke
Scenario Outline: user Search for An (Sku)      &amp#27;[90m# src/main/resources/Features/F04_SearchBar.feature:27&amp#27;[0m
  &amp#27;[32mGiven &amp#27;[0m&amp#27;[32muser navigate to Login page&amp#27;[0m             &amp#27;[90m# org.example.Steps.S02_Login.NavToLogin()&amp#27;[0m
  &amp#27;[32mWhen &amp#27;[0m&amp#27;[32mtype "&amp#27;[0m&amp#27;[32m&amp#27;[1mabaashelmy@gmail.com&amp#27;[0m&amp#27;[32m" and "&amp#27;[0m&amp#27;[32m&amp#27;[1m123123&amp#27;[0m&amp#27;[32m"&amp#27;[0m &amp#27;[90m# org.example.Steps.S02_Login.typeEmaiAndPass(java.lang.String,java.lang.String)&amp#27;[0m
  &amp#27;[32mAnd &amp#27;[0m&amp#27;[32mClick on Login button&amp#27;[0m                     &amp#27;[90m# org.example.Steps.S02_Login.clicklogButton()&amp#27;[0m
  &amp#27;[32mThen &amp#27;[0m&amp#27;[32muser logged in successfully&amp#27;[0m              &amp#27;[90m# org.example.Steps.S02_Login.UserLoggedIn()&amp#27;[0m
  &amp#27;[32mGiven &amp#27;[0m&amp#27;[32muser types on &amp#27;[0m&amp#27;[32m&amp#27;[1mSCI_FAITH&amp#27;[0m&amp#27;[32m in Search Bar&amp#27;[0m   &amp#27;[90m# org.example.Steps.S04_SearchBar.TypeinSearchfield(java.lang.String)&amp#27;[0m
  &amp#27;[32mWhen &amp#27;[0m&amp#27;[32muser Click on Search button&amp#27;[0m              &amp#27;[90m# org.example.Steps.S04_SearchBar.PressSearchButton()&amp#27;[0m
  &amp#27;[32mThen &amp#27;[0m&amp#27;[32mSearch result must be appearss &amp#27;[0m&amp#27;[32m&amp#27;[1mSCI_FAITH&amp#27;[0m &amp#27;[90m# org.example.Steps.S04_SearchBar.CheckResultOfSearchSKu(java.lang.String)&amp#27;[0m

@smoke
Scenario Outline: user Search for An (Sku)      &amp#27;[90m# src/main/resources/Features/F04_SearchBar.feature:28&amp#27;[0m
  &amp#27;[32mGiven &amp#27;[0m&amp#27;[32muser navigate to Login page&amp#27;[0m             &amp#27;[90m# org.example.Steps.S02_Login.NavToLogin()&amp#27;[0m
  &amp#27;[32mWhen &amp#27;[0m&amp#27;[32mtype "&amp#27;[0m&amp#27;[32m&amp#27;[1mabaashelmy@gmail.com&amp#27;[0m&amp#27;[32m" and "&amp#27;[0m&amp#27;[32m&amp#27;[1m123123&amp#27;[0m&amp#27;[32m"&amp#27;[0m &amp#27;[90m# org.example.Steps.S02_Login.typeEmaiAndPass(java.lang.String,java.lang.String)&amp#27;[0m
  &amp#27;[32mAnd &amp#27;[0m&amp#27;[]]></system-out>
    <system-err><![CDATA[Starting ChromeDriver 103.0.5060.53 (a1711811edd74ff1cf2150f36ffa3b0dae40b17f-refs/branch-heads/5060@{#853}) on port 53745
Only local connections are allowed.
Please see https://chromedriver.chromium.org/security-considerations for suggestions on keeping ChromeDriver safe.
ChromeDriver was started successfully.
Jul 19, 2022 12:14:02 AM org.openqa.selenium.remote.ProtocolHandshake createSession
INFO: Detected upstream dialect: W3C
Jul 19, 2022 12:14:02 AM org.openqa.selenium.devtools.CdpVersionFinder findNearestMatch
INFO: Found exact CDP implementation for version 103
]]></system-err>
  </testcase>
  <testcase name="runScenario[&quot;user Search for An (Sku)&quot;, &quot;Check that user can search for any proudct&quot;](10)" classname="org.example.TestRunner.Runner" time="7.944">
    <system-err><![CDATA[Starting ChromeDriver 103.0.5060.53 (a1711811edd74ff1cf2150f36ffa3b0dae40b17f-refs/branch-heads/5060@{#853}) on port 62778
Only local connections are allowed.
Please see https://chromedriver.chromium.org/security-considerations for suggestions on keeping ChromeDriver safe.
ChromeDriver was started successfully.
Jul 19, 2022 12:14:09 AM org.openqa.selenium.remote.ProtocolHandshake createSession
INFO: Detected upstream dialect: W3C
Jul 19, 2022 12:14:09 AM org.openqa.selenium.devtools.CdpVersionFinder findNearestMatch
INFO: Found exact CDP implementation for version 103
]]></system-err>
  </testcase>
  <testcase name="runScenario[&quot;user Can Change Currency successfully&quot;, &quot;Change Currency&quot;](11)" classname="org.example.TestRunner.Runner" time="6.095">
    <system-err><![CDATA[Starting ChromeDriver 103.0.5060.53 (a1711811edd74ff1cf2150f36ffa3b0dae40b17f-refs/branch-heads/5060@{#853}) on port 52023
Only local connections are allowed.
Please see https://chromedriver.chromium.org/security-considerations for suggestions on keeping ChromeDriver safe.
ChromeDriver was started successfully.
Jul 19, 2022 12:14:17 AM org.openqa.selenium.remote.ProtocolHandshake createSession
INFO: Detected upstream dialect: W3C
Jul 19, 2022 12:14:17 AM org.openqa.selenium.devtools.CdpVersionFinder findNearestMatch
INFO: Found exact CDP implementation for version 103
]]></system-err>
  </testcase>
  <testcase name="runScenario[&quot;user can select categories with subcategories&quot;, &quot;user can select any category successfully&quot;](12)" classname="org.example.TestRunner.Runner" time="12.339">
    <system-err><![CDATA[Starting ChromeDriver 103.0.5060.53 (a1711811edd74ff1cf2150f36ffa3b0dae40b17f-refs/branch-heads/5060@{#853}) on port 51981
Only local connections are allowed.
Please see https://chromedriver.chromium.org/security-considerations for suggestions on keeping ChromeDriver safe.
ChromeDriver was started successfully.
Jul 19, 2022 12:14:24 AM org.openqa.selenium.remote.ProtocolHandshake createSession
INFO: Detected upstream dialect: W3C
Jul 19, 2022 12:14:24 AM org.openqa.selenium.devtools.CdpVersionFinder findNearestMatch
INFO: Found exact CDP implementation for version 103
]]></system-err>
  </testcase>
  <testcase name="runScenario[&quot;user can select categories with subcategories2&quot;, &quot;user can select any category successfully&quot;](13)" classname="org.example.TestRunner.Runner" time="10.107">
    <system-err><![CDATA[Starting ChromeDriver 103.0.5060.53 (a1711811edd74ff1cf2150f36ffa3b0dae40b17f-refs/branch-heads/5060@{#853}) on port 60079
Only local connections are allowed.
Please see https://chromedriver.chromium.org/security-considerations for suggestions on keeping ChromeDriver safe.
ChromeDriver was started successfully.
Jul 19, 2022 12:14:36 AM org.openqa.selenium.remote.ProtocolHandshake createSession
INFO: Detected upstream dialect: W3C
Jul 19, 2022 12:14:36 AM org.openqa.selenium.devtools.CdpVersionFinder findNearestMatch
INFO: Found exact CDP implementation for version 103
]]></system-err>
  </testcase>
  <testcase name="runScenario[&quot;user can select categories with subcategories3&quot;, &quot;user can select any category successfully&quot;](14)" classname="org.example.TestRunner.Runner" time="10.771">
    <system-err><![CDATA[Starting ChromeDriver 103.0.5060.53 (a1711811edd74ff1cf2150f36ffa3b0dae40b17f-refs/branch-heads/5060@{#853}) on port 62198
Only local connections are allowed.
Please see https://chromedriver.chromium.org/security-considerations for suggestions on keeping ChromeDriver safe.
ChromeDriver was started successfully.
Jul 19, 2022 12:14:46 AM org.openqa.selenium.remote.ProtocolHandshake createSession
INFO: Detected upstream dialect: W3C
Jul 19, 2022 12:14:46 AM org.openqa.selenium.devtools.CdpVersionFinder findNearestMatch
INFO: Found exact CDP implementation for version 103
]]></system-err>
  </testcase>
  <testcase name="runScenario[&quot;user can filter shoesCategory With Color&quot;, &quot;Filtering categories with color&quot;](15)" classname="org.example.TestRunner.Runner" time="12.904">
    <system-out><![CDATA[Color
Grey
Red
Blue
]]></system-out>
    <system-err><![CDATA[Starting ChromeDriver 103.0.5060.53 (a1711811edd74ff1cf2150f36ffa3b0dae40b17f-refs/branch-heads/5060@{#853}) on port 50684
Only local connections are allowed.
Please see https://chromedriver.chromium.org/security-considerations for suggestions on keeping ChromeDriver safe.
ChromeDriver was started successfully.
Jul 19, 2022 12:14:57 AM org.openqa.selenium.remote.ProtocolHandshake createSession
INFO: Detected upstream dialect: W3C
Jul 19, 2022 12:14:57 AM org.openqa.selenium.devtools.CdpVersionFinder findNearestMatch
INFO: Found exact CDP implementation for version 103
]]></system-err>
  </testcase>
  <testcase name="runScenario[&quot;user Select Any tag successfully&quot;, &quot;user can selectAny tags in Category&quot;](16)" classname="org.example.TestRunner.Runner" time="12.995">
    <system-out><![CDATA[32mClick on Login button&amp#27;[0m                     &amp#27;[90m# org.example.Steps.S02_Login.clicklogButton()&amp#27;[0m
  &amp#27;[32mThen &amp#27;[0m&amp#27;[32muser logged in successfully&amp#27;[0m              &amp#27;[90m# org.example.Steps.S02_Login.UserLoggedIn()&amp#27;[0m
  &amp#27;[32mGiven &amp#27;[0m&amp#27;[32muser types on &amp#27;[0m&amp#27;[32m&amp#27;[1mAPPLE_CAM&amp#27;[0m&amp#27;[32m in Search Bar&amp#27;[0m   &amp#27;[90m# org.example.Steps.S04_SearchBar.TypeinSearchfield(java.lang.String)&amp#27;[0m
  &amp#27;[32mWhen &amp#27;[0m&amp#27;[32muser Click on Search button&amp#27;[0m              &amp#27;[90m# org.example.Steps.S04_SearchBar.PressSearchButton()&amp#27;[0m
  &amp#27;[32mThen &amp#27;[0m&amp#27;[32mSearch result must be appearss &amp#27;[0m&amp#27;[32m&amp#27;[1mAPPLE_CAM&amp#27;[0m &amp#27;[90m# org.example.Steps.S04_SearchBar.CheckResultOfSearchSKu(java.lang.String)&amp#27;[0m

@smoke
Scenario Outline: user Search for An (Sku)      &amp#27;[90m# src/main/resources/Features/F04_SearchBar.feature:29&amp#27;[0m
  &amp#27;[32mGiven &amp#27;[0m&amp#27;[32muser navigate to Login page&amp#27;[0m             &amp#27;[90m# org.example.Steps.S02_Login.NavToLogin()&amp#27;[0m
  &amp#27;[32mWhen &amp#27;[0m&amp#27;[32mtype "&amp#27;[0m&amp#27;[32m&amp#27;[1mabaashelmy@gmail.com&amp#27;[0m&amp#27;[32m" and "&amp#27;[0m&amp#27;[32m&amp#27;[1m123123&amp#27;[0m&amp#27;[32m"&amp#27;[0m &amp#27;[90m# org.example.Steps.S02_Login.typeEmaiAndPass(java.lang.String,java.lang.String)&amp#27;[0m
  &amp#27;[32mAnd &amp#27;[0m&amp#27;[32mClick on Login button&amp#27;[0m                     &amp#27;[90m# org.example.Steps.S02_Login.clicklogButton()&amp#27;[0m
  &amp#27;[32mThen &amp#27;[0m&amp#27;[32muser logged in successfully&amp#27;[0m              &amp#27;[90m# org.example.Steps.S02_Login.UserLoggedIn()&amp#27;[0m
  &amp#27;[32mGiven &amp#27;[0m&amp#27;[32muser types on &amp#27;[0m&amp#27;[32m&amp#27;[1mSF_PRO_11&amp#27;[0m&amp#27;[32m in Search Bar&amp#27;[0m   &amp#27;[90m# org.example.Steps.S04_SearchBar.TypeinSearchfield(java.lang.String)&amp#27;[0m
  &amp#27;[32mWhen &amp#27;[0m&amp#27;[32muser Click on Search button&amp#27;[0m              &amp#27;[90m# org.example.Steps.S04_SearchBar.PressSearchButton()&amp#27;[0m
  &amp#27;[32mThen &amp#27;[0m&amp#27;[32mSearch result must be appearss &amp#27;[0m&amp#27;[32m&amp#27;[1mSF_PRO_11&amp#27;[0m &amp#27;[90m# org.example.Steps.S04_SearchBar.CheckResultOfSearchSKu(java.lang.String)&amp#27;[0m

@smoke
Scenario: user Can Change Currency successfully &amp#27;[90m# src/main/resources/Features/F05_ChangeCurrency.feature:9&amp#27;[0m
  &amp#27;[32mGiven &amp#27;[0m&amp#27;[32muser navigate to Login page&amp#27;[0m             &amp#27;[90m# org.example.Steps.S02_Login.NavToLogin()&amp#27;[0m
  &amp#27;[32mWhen &amp#27;[0m&amp#27;[32mtype "&amp#27;[0m&amp#27;[32m&amp#27;[1mabaashelmy@gmail.com&amp#27;[0m&amp#27;[32m" and "&amp#27;[0m&amp#27;[32m&amp#27;[1m123123&amp#27;[0m&amp#27;[32m"&amp#27;[0m &amp#27;[90m# org.example.Steps.S02_Login.typeEmaiAndPass(java.lang.String,java.lang.String)&amp#27;[0m
  &amp#27;[32mAnd &amp#27;[0m&amp#27;[32mClick on Login button&amp#27;[0m                     &amp#27;[90m# org.example.Steps.S02_Login.clicklogButton()&amp#27;[0m
  &amp#27;[32mThen &amp#27;[0m&amp#27;[32muser logged in successfully&amp#27;[0m              &amp#27;[90m# org.example.Steps.S02_Login.UserLoggedIn()&amp#27;[0m
  &amp#27;[32mGiven &amp#27;[0m&amp#27;[32muser Selects Euro From TopLeft List&amp#27;[0m     &amp#27;[90m# org.example.Steps.S05_ChangeCurrency.SelectCurrency()&amp#27;[0m
  &amp#27;[32mThen &amp#27;[0m&amp#27;[32mProudcts must be changed to Euro&amp#27;[0m         &amp#27;[90m# org.example.Steps.S05_ChangeCurrency.CheckProductCurrency()&amp#27;[0m

@smoke
Scenario: user can select categories with subcategories &amp#27;[90m# src/main/resources/Features/F06_HoverCategories.feature:10&amp#27;[0m
  &amp#27;[32mGiven &amp#27;[0m&amp#27;[32muser navigate to Login page&amp#27;[0m                     &amp#27;[90m# org.example.Steps.S02_Login.NavToLogin()&amp#27;[0m
  &amp#27;[32mWhen &amp#27;[0m&amp#27;[32mtype "&amp#27;[0m&amp#27;[32m&amp#27;[1mabaashelmy@gmail.com&amp#27;[0m&amp#27;[32m" and "&amp#27;[0m&amp#27;[32m&amp#27;[1m123123&amp#27;[0m&amp#27;[32m"&amp#27;[0m         &amp#27;[90m# org.example.Steps.S02_Login.typeEmaiAndPass(java.lang.String,java.lang.String)&amp#27;[0m
  &amp#27;[32mAnd &amp#27;[0m&amp#27;[32mClick on Login button&amp#27;[0m                             &amp#27;[90m# org.example.Steps.S02_Login.clicklogButton()&amp#27;[0m
  &amp#27;[32mThen &amp#27;[0m&amp#27;[32muser logged in successfully&amp#27;[0m                      &amp#27;[90m# org.example.Steps.S02_Login.UserLoggedIn()&amp#27;[0m
  &amp#27;[32mGiven &amp#27;[0m&amp#27;[32muser hoover on random category&amp#27;[0m                  &amp#27;[90m# org.example.Steps.S06_HoverCategories.UserHooverOnCategory()&amp#27;[0m
  &amp#27;[32mWhen &amp#27;[0m&amp#27;[32muser select a subcategory&amp#27;[0m                        &amp#27;[90m# org.example.Steps.S06_HoverCategories.UserSelectSub()&amp#27;[0m
  &amp#27;[32mThen &amp#27;[0m&amp#27;[32msubcategory opened successfully&amp#27;[0m                  &amp#27;[90m# org.example.Steps.S06_HoverCategories.CheckSelectResult()&amp#27;[0m

@smoke
Scenario: user can select categories with subcategories2 &amp#27;[90m# src/main/resources/Features/F06_HoverCategories.feature:15&amp#27;[0m
  &amp#27;[32mGiven &amp#27;[0m&amp#27;[32muser navigate to Login page&amp#27;[0m                      &amp#27;[90m# org.example.Steps.S02_Login.NavToLogin()&amp#27;[0m
  &amp#27;[32mWhen &amp#27;[0m&amp#27;[32mtype "&amp#27;[0m&amp#27;[32m&amp#27;[1mabaashelmy@gmail.com&amp#27;[0m&amp#27;[32m" and "&amp#27;[0m&amp#27;[32m&amp#27;[1m123123&amp#27;[0m&amp#27;[32m"&amp#27;[0m          &amp#27;[90m# org.example.Steps.S02_Login.typeEmaiAndPass(java.lang.String,java.lang.String)&amp#27;[0m
  &amp#27;[32mAnd &amp#27;[0m&amp#27;[32mClick on Login button&amp#27;[0m                              &amp#27;[90m# org.example.Steps.S02_Login.clicklogButton()&amp#27;[0m
  &amp#27;[32mThen &amp#27;[0m&amp#27;[32muser logged in successfully&amp#27;[0m                       &amp#27;[90m# org.example.Steps.S02_Login.UserLoggedIn()&amp#27;[0m
  &amp#27;[32mGiven &amp#27;[0m&amp#27;[32muser hoover on random category2&amp#27;[0m                  &amp#27;[90m# org.example.Steps.S06_HoverCategories.UserHooverOnCategory2()&amp#27;[0m
  &amp#27;[32mWhen &amp#27;[0m&amp#27;[32muser select a subcategory2&amp#27;[0m                        &amp#27;[90m# org.example.Steps.S06_HoverCategories.UserSelectSub2()&amp#27;[0m
  &amp#27;[32mThen &amp#27;[0m&amp#27;[32msubcategory2 opened successfully&amp#27;[0m                  &amp#27;[90m# org.example.Steps.S06_HoverCategories.CheckSelectResult2()&amp#27;[0m

@smoke
Scenario: user can select categories with subcategories3 &amp#27;[90m# src/main/resources/Features/F06_HoverCategories.feature:20&amp#27;[0m
  &amp#27;[32mGiven &amp#27;[0m&amp#27;[32muser navigate to Login page&amp#27;[0m                      &amp#27;[90m# org.example.Steps.S02_Login.NavToLogin()&amp#27;[0m
  &amp#27;[32mWhen &amp#27;[0m&amp#27;[32mtype "&amp#27;[0m&amp#27;[32m&amp#27;[1mabaashelmy@gmail.com&amp#27;[0m&amp#27;[32m" and "&amp#27;[0m&amp#27;[32m&amp#27;[1m123123&amp#27;[0m&amp#27;[32m"&amp#27;[0m          &amp#27;[90m# org.example.Steps.S02_Login.typeEmaiAndPass(java.lang.String,java.lang.String)&amp#27;[0m
  &amp#27;[32mAnd &amp#27;[0m&amp#27;[32mClick on Login button&amp#27;[0m                              &amp#27;[90m# org.example.Steps.S02_Login.clicklogButton()&amp#27;[0m
  &amp#27;[32mThen &amp#27;[0m&amp#27;[32muser logged in successfully&amp#27;[0m                       &amp#27;[90m# org.example.Steps.S02_Login.UserLoggedIn()&amp#27;[0m
  &amp#27;[32mGiven &amp#27;[0m&amp#27;[32muser hoover on random category3&amp#27;[0m                  &amp#27;[90m# org.example.Steps.S06_HoverCategories.UserHooverOnCategory3()&amp#27;[0m
  &amp#27;[32mWhen &amp#27;[0m&amp#27;[32muser select a subcategory3&amp#27;[0m                        &amp#27;[90m# org.example.Steps.S06_HoverCategories.UserSelectSub3()&amp#27;[0m
  &amp#27;[32mThen &amp#27;[0m&amp#27;[32msubcategory3 opened successfully&amp#27;[0m                  &amp#27;[90m# org.example.Steps.S06_HoverCategories.CheckSelectResult3()&amp#27;[0m

@smoke
Scenario: user can filter shoesCategory With Color &amp#27;[90m# src/main/resources/Features/F07_FilterWithColor.feature:9&amp#27;[0m
  &amp#27;[32mGiven &amp#27;[0m&amp#27;[32muser navigate to Login page&amp#27;[0m                &amp#27;[90m# org.example.Steps.S02_Login.NavToLogin()&amp#27;[0m
  &amp#27;[32mWhen &amp#27;[0m&amp#27;[32mtype "&amp#27;[0m&amp#27;[32m&amp#27;[1mabaashelmy@gmail.com&amp#27;[0m&amp#27;[32m" and "&amp#27;[0m&amp#27;[32m&amp#27;[1m123123&amp#27;[0m&amp#27;[32m"&amp#27;[0m    &amp#27;[90m# org.example.Steps.S02_Login.typeEmaiAndPass(java.lang.String,java.lang.String)&amp#27;[0m
  &amp#27;[32mAnd &amp#27;[0m&amp#27;[32mClick on Login button&amp#27;[0m                        &amp#27;[90m# org.example.Steps.S02_Login.clicklogButton()&amp#27;[0m
  &amp#27;[32mThen &amp#27;[0m&amp#27;[32muser logged in successfully&amp#27;[0m                 &amp#27;[90m# org.example.Steps.S02_Login.UserLoggedIn()&amp#27;[0m
  &amp#27;[32mGiven &amp#27;[0m&amp#27;[32muser hoover on Apperal category&amp#27;[0m            &amp#27;[90m# org.example.Steps.S07_FilterWithColor.HooveronApperal()&amp#27;[0m
  &amp#27;[32mWhen &amp#27;[0m&amp#27;[32muser select shoes subcategory&amp#27;[0m               &amp#27;[90m# org.example.Steps.S07_FilterWithColor.ChooseShoes()&amp#27;[0m
  &amp#27;[32mAnd &amp#27;[0m&amp#27;[32muser Choose a specfic color&amp#27;[0m                  &amp#27;[90m# org.example.Steps.S07_FilterWithColor.ApplyColorFilter()&amp#27;[0m
  &amp#27;[32mThen &amp#27;[0m&amp#27;[32mfilter Applied successfully&amp#27;[0m                 &amp#27;[90m# org.example.Steps.S07_FilterWithColor.FilterAppliedSuccessfully()&amp#27;[0m

@smoke
Scenario Outline: user Select Any tag successfully &amp#27;[90m# src/main/resources/Features/F08_SelectTags.feature:16&amp#27;[0m
  &amp#27;[32mGiven &amp#27;[0m&amp#27;[32muser navigate to Login page&amp#27;[0m                &amp#27;[90m# org.example.Steps.S02_Login.NavToLogin()&amp#27;[0m
  &amp#27;[32mWhen &amp#27;[0m&amp#27;[32mtype "&amp#27;[0m&amp#27;[32m&amp#27;[1mabaashelmy@gmail.com&amp#27;[0m&amp#27;[32m" and "&amp#27;[0m&amp#27;[32m&amp#27;[1m123123&amp#27;[0m&amp#27;[32m"&amp#27;[0m    &amp#27;[90m# org.example.Steps.S02_Login.typeEmaiAndPass(java.lang.String,java.lang.String)&amp#27;[0m
  &amp#27;[32mAnd &amp#27;[0m&amp#27;[32mClick on Login button&amp#27;[0m                        &amp#27;[90m# org.example.Steps.S02_Login.clicklogButton()&amp#27;[0m
  &amp#27;[32mThen &amp#27;[0m&amp#27;[32muser logged in successfully&amp#27;[0m                 &amp#27;[90m# org.example.Steps.S02_Login.UserL]]></system-out>
    <system-err><![CDATA[Starting ChromeDriver 103.0.5060.53 (a1711811edd74ff1cf2150f36ffa3b0dae40b17f-refs/branch-heads/5060@{#853}) on port 65144
Only local connections are allowed.
Please see https://chromedriver.chromium.org/security-considerations for suggestions on keeping ChromeDriver safe.
ChromeDriver was started successfully.
Jul 19, 2022 12:15:10 AM org.openqa.selenium.remote.ProtocolHandshake createSession
INFO: Detected upstream dialect: W3C
Jul 19, 2022 12:15:10 AM org.openqa.selenium.devtools.CdpVersionFinder findNearestMatch
INFO: Found exact CDP implementation for version 103
]]></system-err>
  </testcase>
  <testcase name="runScenario[&quot;user Select Any tag successfully&quot;, &quot;user can selectAny tags in Category&quot;](17)" classname="org.example.TestRunner.Runner" time="11.591">
    <system-err><![CDATA[Starting ChromeDriver 103.0.5060.53 (a1711811edd74ff1cf2150f36ffa3b0dae40b17f-refs/branch-heads/5060@{#853}) on port 50417
Only local connections are allowed.
Please see https://chromedriver.chromium.org/security-considerations for suggestions on keeping ChromeDriver safe.
ChromeDriver was started successfully.
Jul 19, 2022 12:15:23 AM org.openqa.selenium.remote.ProtocolHandshake createSession
INFO: Detected upstream dialect: W3C
Jul 19, 2022 12:15:23 AM org.openqa.selenium.devtools.CdpVersionFinder findNearestMatch
INFO: Found exact CDP implementation for version 103
]]></system-err>
  </testcase>
  <testcase name="runScenario[&quot;user Select Any tag successfully&quot;, &quot;user can selectAny tags in Category&quot;](18)" classname="org.example.TestRunner.Runner" time="13.143">
    <failure message="The following asserts failed:&#10;	expected [true] but found [false],&#10;	expected [true] but found [false]" type="java.lang.AssertionError"><![CDATA[java.lang.AssertionError: 
The following asserts failed:
	expected [true] but found [false],
	expected [true] but found [false]
	at org.testng.asserts.SoftAssert.assertAll(SoftAssert.java:46)
	at org.testng.asserts.SoftAssert.assertAll(SoftAssert.java:30)
	at org.example.Steps.S08_SelectTags.CheckTagResult(S08_SelectTags.java:56)
	at ✽.nice Selected Successfully(file:///D:/Udacity/FinalNopEcommerceProject/demonopcommerce/src/main/resources/Features/F08_SelectTags.feature:13)
]]></failure>
    <system-err><![CDATA[Starting ChromeDriver 103.0.5060.53 (a1711811edd74ff1cf2150f36ffa3b0dae40b17f-refs/branch-heads/5060@{#853}) on port 58807
Only local connections are allowed.
Please see https://chromedriver.chromium.org/security-considerations for suggestions on keeping ChromeDriver safe.
ChromeDriver was started successfully.
Jul 19, 2022 12:15:34 AM org.openqa.selenium.remote.ProtocolHandshake createSession
INFO: Detected upstream dialect: W3C
Jul 19, 2022 12:15:34 AM org.openqa.selenium.devtools.CdpVersionFinder findNearestMatch
INFO: Found exact CDP implementation for version 103
]]></system-err>
  </testcase>
  <testcase name="runScenario[&quot;adding Two Different Products to Shopping Cart&quot;, &quot;User Can Add Different Items To cart&quot;](19)" classname="org.example.TestRunner.Runner" time="23.627">
    <system-out><![CDATA[SKU Image Product(s) Price Qty. Total Remove
M8_HTC_5L HTC One M8 Android L 5.0 Lollipop €210.70 €210.70
AD_C80_RS adidas Consortium Campus 80s Running Shoes
Size: 9
Color: Red
Edit
€23.70 €47.40
]]></system-out>
    <system-err><![CDATA[Starting ChromeDriver 103.0.5060.53 (a1711811edd74ff1cf2150f36ffa3b0dae40b17f-refs/branch-heads/5060@{#853}) on port 59193
Only local connections are allowed.
Please see https://chromedriver.chromium.org/security-considerations for suggestions on keeping ChromeDriver safe.
ChromeDriver was started successfully.
Jul 19, 2022 12:15:47 AM org.openqa.selenium.remote.ProtocolHandshake createSession
INFO: Detected upstream dialect: W3C
Jul 19, 2022 12:15:47 AM org.openqa.selenium.devtools.CdpVersionFinder findNearestMatch
INFO: Found exact CDP implementation for version 103
]]></system-err>
  </testcase>
  <testcase name="runScenario[&quot;user Add first item to wish list and check alert message&quot;, &quot;user can add item to wish list successfully&quot;](20)" classname="org.example.TestRunner.Runner" time="12.088">
    <system-err><![CDATA[Starting ChromeDriver 103.0.5060.53 (a1711811edd74ff1cf2150f36ffa3b0dae40b17f-refs/branch-heads/5060@{#853}) on port 53837
Only local connections are allowed.
Please see https://chromedriver.chromium.org/security-considerations for suggestions on keeping ChromeDriver safe.
ChromeDriver was started successfully.
Jul 19, 2022 12:16:11 AM org.openqa.selenium.remote.ProtocolHandshake createSession
INFO: Detected upstream dialect: W3C
Jul 19, 2022 12:16:11 AM org.openqa.selenium.devtools.CdpVersionFinder findNearestMatch
INFO: Found exact CDP implementation for version 103
]]></system-err>
  </testcase>
  <testcase name="runScenario[&quot;user Add item to wish list and check Counter&quot;, &quot;user can add item to wish list successfully&quot;](21)" classname="org.example.TestRunner.Runner" time="14.653">
    <system-out><![CDATA[oggedIn()&amp#27;[0m
  &amp#27;[32mGiven &amp#27;[0m&amp#27;[32muser Navigate to ant Category&amp#27;[0m              &amp#27;[90m# org.example.Steps.S08_SelectTags.NavigateToApperalCAtegory()&amp#27;[0m
  &amp#27;[32mWhen &amp#27;[0m&amp#27;[32muser Select &amp#27;[0m&amp#27;[32m&amp#27;[1mawesome&amp#27;[0m                         &amp#27;[90m# org.example.Steps.S08_SelectTags.SelectAnyTag(java.lang.String)&amp#27;[0m
  &amp#27;[32mThen &amp#27;[0m&amp#27;[32m&amp#27;[0m&amp#27;[32m&amp#27;[1mawesome&amp#27;[0m&amp#27;[32m Selected Successfully&amp#27;[0m               &amp#27;[90m# org.example.Steps.S08_SelectTags.CheckTagResult(java.lang.String)&amp#27;[0m

@smoke
Scenario Outline: user Select Any tag successfully &amp#27;[90m# src/main/resources/Features/F08_SelectTags.feature:17&amp#27;[0m
  &amp#27;[32mGiven &amp#27;[0m&amp#27;[32muser navigate to Login page&amp#27;[0m                &amp#27;[90m# org.example.Steps.S02_Login.NavToLogin()&amp#27;[0m
  &amp#27;[32mWhen &amp#27;[0m&amp#27;[32mtype "&amp#27;[0m&amp#27;[32m&amp#27;[1mabaashelmy@gmail.com&amp#27;[0m&amp#27;[32m" and "&amp#27;[0m&amp#27;[32m&amp#27;[1m123123&amp#27;[0m&amp#27;[32m"&amp#27;[0m    &amp#27;[90m# org.example.Steps.S02_Login.typeEmaiAndPass(java.lang.String,java.lang.String)&amp#27;[0m
  &amp#27;[32mAnd &amp#27;[0m&amp#27;[32mClick on Login button&amp#27;[0m                        &amp#27;[90m# org.example.Steps.S02_Login.clicklogButton()&amp#27;[0m
  &amp#27;[32mThen &amp#27;[0m&amp#27;[32muser logged in successfully&amp#27;[0m                 &amp#27;[90m# org.example.Steps.S02_Login.UserLoggedIn()&amp#27;[0m
  &amp#27;[32mGiven &amp#27;[0m&amp#27;[32muser Navigate to ant Category&amp#27;[0m              &amp#27;[90m# org.example.Steps.S08_SelectTags.NavigateToApperalCAtegory()&amp#27;[0m
  &amp#27;[32mWhen &amp#27;[0m&amp#27;[32muser Select &amp#27;[0m&amp#27;[32m&amp#27;[1mcool&amp#27;[0m                            &amp#27;[90m# org.example.Steps.S08_SelectTags.SelectAnyTag(java.lang.String)&amp#27;[0m
  &amp#27;[32mThen &amp#27;[0m&amp#27;[32m&amp#27;[0m&amp#27;[32m&amp#27;[1mcool&amp#27;[0m&amp#27;[32m Selected Successfully&amp#27;[0m                  &amp#27;[90m# org.example.Steps.S08_SelectTags.CheckTagResult(java.lang.String)&amp#27;[0m

@smoke
Scenario Outline: user Select Any tag successfully &amp#27;[90m# src/main/resources/Features/F08_SelectTags.feature:18&amp#27;[0m
  &amp#27;[32mGiven &amp#27;[0m&amp#27;[32muser navigate to Login page&amp#27;[0m                &amp#27;[90m# org.example.Steps.S02_Login.NavToLogin()&amp#27;[0m
  &amp#27;[32mWhen &amp#27;[0m&amp#27;[32mtype "&amp#27;[0m&amp#27;[32m&amp#27;[1mabaashelmy@gmail.com&amp#27;[0m&amp#27;[32m" and "&amp#27;[0m&amp#27;[32m&amp#27;[1m123123&amp#27;[0m&amp#27;[32m"&amp#27;[0m    &amp#27;[90m# org.example.Steps.S02_Login.typeEmaiAndPass(java.lang.String,java.lang.String)&amp#27;[0m
  &amp#27;[32mAnd &amp#27;[0m&amp#27;[32mClick on Login button&amp#27;[0m                        &amp#27;[90m# org.example.Steps.S02_Login.clicklogButton()&amp#27;[0m
  &amp#27;[32mThen &amp#27;[0m&amp#27;[32muser logged in successfully&amp#27;[0m                 &amp#27;[90m# org.example.Steps.S02_Login.UserLoggedIn()&amp#27;[0m
  &amp#27;[32mGiven &amp#27;[0m&amp#27;[32muser Navigate to ant Category&amp#27;[0m              &amp#27;[90m# org.example.Steps.S08_SelectTags.NavigateToApperalCAtegory()&amp#27;[0m
  &amp#27;[32mWhen &amp#27;[0m&amp#27;[32muser Select &amp#27;[0m&amp#27;[32m&amp#27;[1mnice&amp#27;[0m                            &amp#27;[90m# org.example.Steps.S08_SelectTags.SelectAnyTag(java.lang.String)&amp#27;[0m
  &amp#27;[31mThen &amp#27;[0m&amp#27;[31m&amp#27;[0m&amp#27;[31m&amp#27;[1mnice&amp#27;[0m&amp#27;[31m Selected Successfully&amp#27;[0m                  &amp#27;[90m# org.example.Steps.S08_SelectTags.CheckTagResult(java.lang.String)&amp#27;[0m
      &amp#27;[31mjava.lang.AssertionError: The following asserts failed:
	expected [true] but found [false],
	expected [true] but found [false]
	at org.testng.asserts.SoftAssert.assertAll(SoftAssert.java:46)
	at org.testng.asserts.SoftAssert.assertAll(SoftAssert.java:30)
	at org.example.Steps.S08_SelectTags.CheckTagResult(S08_SelectTags.java:56)
	at âœ½.nice Selected Successfully(file:///D:/Udacity/FinalNopEcommerceProject/demonopcommerce/src/main/resources/Features/F08_SelectTags.feature:13)
&amp#27;[0m

@smoke
Scenario: adding Two Different Products to Shopping Cart                     &amp#27;[90m# src/main/resources/Features/F09_AddItemsToShoppingCart.feature:9&amp#27;[0m
  &amp#27;[32mGiven &amp#27;[0m&amp#27;[32muser navigate to Login page&amp#27;[0m                                          &amp#27;[90m# org.example.Steps.S02_Login.NavToLogin()&amp#27;[0m
  &amp#27;[32mWhen &amp#27;[0m&amp#27;[32mtype "&amp#27;[0m&amp#27;[32m&amp#27;[1mabaashelmy@gmail.com&amp#27;[0m&amp#27;[32m" and "&amp#27;[0m&amp#27;[32m&amp#27;[1m123123&amp#27;[0m&amp#27;[32m"&amp#27;[0m                              &amp#27;[90m# org.example.Steps.S02_Login.typeEmaiAndPass(java.lang.String,java.lang.String)&amp#27;[0m
  &amp#27;[32mAnd &amp#27;[0m&amp#27;[32mClick on Login button&amp#27;[0m                                                  &amp#27;[90m# org.example.Steps.S02_Login.clicklogButton()&amp#27;[0m
  &amp#27;[32mThen &amp#27;[0m&amp#27;[32muser logged in successfully&amp#27;[0m                                           &amp#27;[90m# org.example.Steps.S02_Login.UserLoggedIn()&amp#27;[0m
  &amp#27;[32mGiven &amp#27;[0m&amp#27;[32mnavigate to cell phone page&amp#27;[0m                                          &amp#27;[90m# org.example.Steps.S09_AddItemsToShoppingCart.NavigateToCellPage()&amp#27;[0m
  &amp#27;[32mWhen &amp#27;[0m&amp#27;[32mchoose first item&amp#27;[0m                                                     &amp#27;[90m# org.example.Steps.S09_AddItemsToShoppingCart.ChooseFirstItemToAdd()&amp#27;[0m
  &amp#27;[32mAnd &amp#27;[0m&amp#27;[32mClick on add to cart to add first item and check alert message&amp#27;[0m         &amp#27;[90m# org.example.Steps.S09_AddItemsToShoppingCart.ClickOnAddToCart1()&amp#27;[0m
  &amp#27;[32mAnd &amp#27;[0m&amp#27;[32mnavigate to home page&amp#27;[0m                                                  &amp#27;[90m# org.example.Steps.S09_AddItemsToShoppingCart.GobackToHomePage()&amp#27;[0m
  &amp#27;[32mAnd &amp#27;[0m&amp#27;[32mcheck  first item was added&amp#27;[0m                                            &amp#27;[90m# org.example.Steps.S09_AddItemsToShoppingCart.CheckCounterOfCartFirstTime()&amp#27;[0m
  &amp#27;[32mAnd &amp#27;[0m&amp#27;[32mnavigate to shoes page&amp#27;[0m                                                 &amp#27;[90m# org.example.Steps.S09_AddItemsToShoppingCart.GotoShoesPage()&amp#27;[0m
  &amp#27;[32mAnd &amp#27;[0m&amp#27;[32mchoose Seccond item&amp#27;[0m                                                    &amp#27;[90m# org.example.Steps.S09_AddItemsToShoppingCart.ChooseSecondItemToAdd()&amp#27;[0m
  &amp#27;[32mAnd &amp#27;[0m&amp#27;[32mSeclect size of second item&amp#27;[0m                                            &amp#27;[90m# org.example.Steps.S09_AddItemsToShoppingCart.SeletcShoesSize()&amp#27;[0m
  &amp#27;[32mAnd &amp#27;[0m&amp#27;[32mSelect color of second item&amp#27;[0m                                            &amp#27;[90m# org.example.Steps.S09_AddItemsToShoppingCart.SelectColorofShoes()&amp#27;[0m
  &amp#27;[32mAnd &amp#27;[0m&amp#27;[32mclick on Add to cart button to Add second item and check alert message&amp#27;[0m &amp#27;[90m# org.example.Steps.S09_AddItemsToShoppingCart.AddSecondItemToCart()&amp#27;[0m
  &amp#27;[32mAnd &amp#27;[0m&amp#27;[32mnavigate to home page again&amp#27;[0m                                            &amp#27;[90m# org.example.Steps.S09_AddItemsToShoppingCart.BackToHomePage()&amp#27;[0m
  &amp#27;[32mAnd &amp#27;[0m&amp#27;[32mcheck the second Item Was Added&amp#27;[0m                                        &amp#27;[90m# org.example.Steps.S09_AddItemsToShoppingCart.CheckCounterofShoppingCart()&amp#27;[0m
  &amp#27;[32mAnd &amp#27;[0m&amp#27;[32mnavigate to shooping cart page&amp#27;[0m                                         &amp#27;[90m# org.example.Steps.S09_AddItemsToShoppingCart.NavigateToCartPage()&amp#27;[0m
  &amp#27;[32mThen &amp#27;[0m&amp#27;[32mfirst and second item was addedd successfully&amp#27;[0m                         &amp#27;[90m# org.example.Steps.S09_AddItemsToShoppingCart.CheckShoppingCart()&amp#27;[0m

@smoke
Scenario: user Add first item to wish list and check alert message &amp#27;[90m# src/main/resources/Features/F10_AddItemsToWishlist.feature:10&amp#27;[0m
  &amp#27;[32mGiven &amp#27;[0m&amp#27;[32muser navigate to Login page&amp#27;[0m                                &amp#27;[90m# org.example.Steps.S02_Login.NavToLogin()&amp#27;[0m
  &amp#27;[32mWhen &amp#27;[0m&amp#27;[32mtype "&amp#27;[0m&amp#27;[32m&amp#27;[1mabaashelmy@gmail.com&amp#27;[0m&amp#27;[32m" and "&amp#27;[0m&amp#27;[32m&amp#27;[1m123123&amp#27;[0m&amp#27;[32m"&amp#27;[0m                    &amp#27;[90m# org.example.Steps.S02_Login.typeEmaiAndPass(java.lang.String,java.lang.String)&amp#27;[0m
  &amp#27;[32mAnd &amp#27;[0m&amp#27;[32mClick on Login button&amp#27;[0m                                        &amp#27;[90m# org.example.Steps.S02_Login.clicklogButton()&amp#27;[0m
  &amp#27;[32mThen &amp#27;[0m&amp#27;[32muser logged in successfully&amp#27;[0m                                 &amp#27;[90m# org.example.Steps.S02_Login.UserLoggedIn()&amp#27;[0m
  &amp#27;[32mGiven &amp#27;[0m&amp#27;[32mgo to item page&amp#27;[0m                                            &amp#27;[90m# org.example.Steps.S10_AddItemsToWishlist.GotoItemPAge()&amp#27;[0m
  &amp#27;[32mWhen &amp#27;[0m&amp#27;[32mclick on add to wish list and check alert message&amp#27;[0m           &amp#27;[90m# org.example.Steps.S10_AddItemsToWishlist.ClickOnWishListButton()&amp#27;[0m
  &amp#27;[32mThen &amp#27;[0m&amp#27;[32mgo back to home page&amp#27;[0m                                        &amp#27;[90m# org.example.Steps.S10_AddItemsToWishlist.NavigateToHomePage()&amp#27;[0m

@smoke
Scenario: user Add item to wish list and check Counter   &amp#27;[90m# src/main/resources/Features/F10_AddItemsToWishlist.feature:15&amp#27;[0m
  &amp#27;[32mGiven &amp#27;[0m&amp#27;[32muser navigate to Login page&amp#27;[0m                      &amp#27;[90m# org.example.Steps.S02_Login.NavToLogin()&amp#27;[0m
  &amp#27;[32mWhen &amp#27;[0m&amp#27;[32mtype "&amp#27;[0m&amp#27;[32m&amp#27;[1mabaashelmy@gmail.com&amp#27;[0m&amp#27;[32m" and "&amp#27;[0m&amp#27;[32m&amp#27;[1m123123&amp#27;[0m&amp#27;[32m"&amp#27;[0m     (4)
]]></system-out>
    <system-err><![CDATA[Starting ChromeDriver 103.0.5060.53 (a1711811edd74ff1cf2150f36ffa3b0dae40b17f-refs/branch-heads/5060@{#853}) on port 61659
Only local connections are allowed.
Please see https://chromedriver.chromium.org/security-considerations for suggestions on keeping ChromeDriver safe.
ChromeDriver was started successfully.
Jul 19, 2022 12:16:23 AM org.openqa.selenium.remote.ProtocolHandshake createSession
INFO: Detected upstream dialect: W3C
Jul 19, 2022 12:16:23 AM org.openqa.selenium.devtools.CdpVersionFinder findNearestMatch
INFO: Found exact CDP implementation for version 103
]]></system-err>
  </testcase>
  <testcase name="runScenario[&quot;adding one item to cart from wishlist page&quot;, &quot;Adding an item to cart from WishList page&quot;](22)" classname="org.example.TestRunner.Runner" time="14.636">
    <system-err><![CDATA[Starting ChromeDriver 103.0.5060.53 (a1711811edd74ff1cf2150f36ffa3b0dae40b17f-refs/branch-heads/5060@{#853}) on port 56466
Only local connections are allowed.
Please see https://chromedriver.chromium.org/security-considerations for suggestions on keeping ChromeDriver safe.
ChromeDriver was started successfully.
Jul 19, 2022 12:16:38 AM org.openqa.selenium.remote.ProtocolHandshake createSession
INFO: Detected upstream dialect: W3C
Jul 19, 2022 12:16:38 AM org.openqa.selenium.devtools.CdpVersionFinder findNearestMatch
INFO: Found exact CDP implementation for version 103
]]></system-err>
  </testcase>
  <testcase name="runScenario[&quot;user adding items to compare list&quot;, &quot;user can add any items to compare&quot;](23)" classname="org.example.TestRunner.Runner" time="9.908">
    <system-err><![CDATA[Starting ChromeDriver 103.0.5060.53 (a1711811edd74ff1cf2150f36ffa3b0dae40b17f-refs/branch-heads/5060@{#853}) on port 61525
Only local connections are allowed.
Please see https://chromedriver.chromium.org/security-considerations for suggestions on keeping ChromeDriver safe.
ChromeDriver was started successfully.
Jul 19, 2022 12:16:52 AM org.openqa.selenium.remote.ProtocolHandshake createSession
INFO: Detected upstream dialect: W3C
Jul 19, 2022 12:16:52 AM org.openqa.selenium.devtools.CdpVersionFinder findNearestMatch
INFO: Found exact CDP implementation for version 103
]]></system-err>
  </testcase>
  <testcase name="runScenario[&quot;user complete process to check out (Happy Scenario)&quot;, &quot;user complete His purchase successfully&quot;](24)" classname="org.example.TestRunner.Runner" time="21.032">
    <failure message="expected [true] but found [false]" type="java.lang.AssertionError"><![CDATA[java.lang.AssertionError: expected [true] but found [false]
	at org.testng.Assert.fail(Assert.java:110)
	at org.testng.Assert.failNotEquals(Assert.java:1413)
	at org.testng.Assert.assertTrue(Assert.java:56)
	at org.testng.Assert.assertTrue(Assert.java:66)
	at org.example.Steps.S13_CreateSuccessfulOrder.CheckPAyinfo(S13_CreateSuccessfulOrder.java:89)
	at ✽.Check payment info url(file:///D:/Udacity/FinalNopEcommerceProject/demonopcommerce/src/main/resources/Features/F13_CreateSuccessfulOrder.feature:23)
]]></failure>
    <system-out><![CDATA[     &amp#27;[90m# org.example.Steps.S02_Login.typeEmaiAndPass(java.lang.String,java.lang.String)&amp#27;[0m
  &amp#27;[32mAnd &amp#27;[0m&amp#27;[32mClick on Login button&amp#27;[0m                              &amp#27;[90m# org.example.Steps.S02_Login.clicklogButton()&amp#27;[0m
  &amp#27;[32mThen &amp#27;[0m&amp#27;[32muser logged in successfully&amp#27;[0m                       &amp#27;[90m# org.example.Steps.S02_Login.UserLoggedIn()&amp#27;[0m
  &amp#27;[32mGiven &amp#27;[0m&amp#27;[32mgo to item page&amp#27;[0m                                  &amp#27;[90m# org.example.Steps.S10_AddItemsToWishlist.GotoItemPAge()&amp#27;[0m
  &amp#27;[32mWhen &amp#27;[0m&amp#27;[32mclick on add to wish list and check alert message&amp#27;[0m &amp#27;[90m# org.example.Steps.S10_AddItemsToWishlist.ClickOnWishListButton()&amp#27;[0m
  &amp#27;[32mAnd &amp#27;[0m&amp#27;[32mgo back to home page&amp#27;[0m                               &amp#27;[90m# org.example.Steps.S10_AddItemsToWishlist.NavigateToHomePage()&amp#27;[0m
  &amp#27;[32mAnd &amp#27;[0m&amp#27;[32mcheck counter of wishlist&amp#27;[0m                          &amp#27;[90m# org.example.Steps.S10_AddItemsToWishlist.CounterOfWishList()&amp#27;[0m
  &amp#27;[32mAnd &amp#27;[0m&amp#27;[32mgo to Wish List Page&amp#27;[0m                               &amp#27;[90m# org.example.Steps.S10_AddItemsToWishlist.GotoWishListPage()&amp#27;[0m
  &amp#27;[32mThen &amp#27;[0m&amp#27;[32mItems Added successfully&amp#27;[0m                          &amp#27;[90m# org.example.Steps.S10_AddItemsToWishlist.CheckTableOfWishLists()&amp#27;[0m

@smoke
Scenario: adding one item to cart from wishlist page     &amp#27;[90m# src/main/resources/Features/F11_AddingToShoppingCartFromWishListPage.feature:13&amp#27;[0m
  &amp#27;[32mGiven &amp#27;[0m&amp#27;[32muser navigate to Login page&amp#27;[0m                      &amp#27;[90m# org.example.Steps.S02_Login.NavToLogin()&amp#27;[0m
  &amp#27;[32mWhen &amp#27;[0m&amp#27;[32mtype "&amp#27;[0m&amp#27;[32m&amp#27;[1mabaashelmy@gmail.com&amp#27;[0m&amp#27;[32m" and "&amp#27;[0m&amp#27;[32m&amp#27;[1m123123&amp#27;[0m&amp#27;[32m"&amp#27;[0m          &amp#27;[90m# org.example.Steps.S02_Login.typeEmaiAndPass(java.lang.String,java.lang.String)&amp#27;[0m
  &amp#27;[32mAnd &amp#27;[0m&amp#27;[32mClick on Login button&amp#27;[0m                              &amp#27;[90m# org.example.Steps.S02_Login.clicklogButton()&amp#27;[0m
  &amp#27;[32mGiven &amp#27;[0m&amp#27;[32mgo to item page&amp#27;[0m                                  &amp#27;[90m# org.example.Steps.S10_AddItemsToWishlist.GotoItemPAge()&amp#27;[0m
  &amp#27;[32mWhen &amp#27;[0m&amp#27;[32mclick on add to wish list and check alert message&amp#27;[0m &amp#27;[90m# org.example.Steps.S10_AddItemsToWishlist.ClickOnWishListButton()&amp#27;[0m
  &amp#27;[32mAnd &amp#27;[0m&amp#27;[32mgo back to home page&amp#27;[0m                               &amp#27;[90m# org.example.Steps.S10_AddItemsToWishlist.NavigateToHomePage()&amp#27;[0m
  &amp#27;[32mAnd &amp#27;[0m&amp#27;[32mgo to Wish List Page&amp#27;[0m                               &amp#27;[90m# org.example.Steps.S10_AddItemsToWishlist.GotoWishListPage()&amp#27;[0m
  &amp#27;[32mThen &amp#27;[0m&amp#27;[32mItems Added successfully&amp#27;[0m                          &amp#27;[90m# org.example.Steps.S10_AddItemsToWishlist.CheckTableOfWishLists()&amp#27;[0m
  &amp#27;[32mGiven &amp#27;[0m&amp#27;[32mfill check box&amp#27;[0m                                   &amp#27;[90m# org.example.Steps.S11_AddingToShoppingCartFromWishListPage.FillcheckBox()&amp#27;[0m
  &amp#27;[32mWhen &amp#27;[0m&amp#27;[32mpress on button add to cart&amp#27;[0m                       &amp#27;[90m# org.example.Steps.S11_AddingToShoppingCartFromWishListPage.ConvertItemToCart()&amp#27;[0m
  &amp#27;[32mAnd &amp#27;[0m&amp#27;[32mCheck navigation to cart page&amp#27;[0m                      &amp#27;[90m# org.example.Steps.S11_AddingToShoppingCartFromWishListPage.checkURL()&amp#27;[0m
  &amp#27;[32mThen &amp#27;[0m&amp#27;[32mcheck item is added to cart successfully&amp#27;[0m          &amp#27;[90m# org.example.Steps.S11_AddingToShoppingCartFromWishListPage.itemAddedToCart()&amp#27;[0m

@smoke
Scenario: user adding items to compare list                 &amp#27;[90m# src/main/resources/Features/F12_AddingItemsToCompareList.feature:9&amp#27;[0m
  &amp#27;[32mGiven &amp#27;[0m&amp#27;[32muser navigate to Login page&amp#27;[0m                         &amp#27;[90m# org.example.Steps.S02_Login.NavToLogin()&amp#27;[0m
  &amp#27;[32mWhen &amp#27;[0m&amp#27;[32mtype "&amp#27;[0m&amp#27;[32m&amp#27;[1mabaashelmy@gmail.com&amp#27;[0m&amp#27;[32m" and "&amp#27;[0m&amp#27;[32m&amp#27;[1m123123&amp#27;[0m&amp#27;[32m"&amp#27;[0m             &amp#27;[90m# org.example.Steps.S02_Login.typeEmaiAndPass(java.lang.String,java.lang.String)&amp#27;[0m
  &amp#27;[32mAnd &amp#27;[0m&amp#27;[32mClick on Login button&amp#27;[0m                                 &amp#27;[90m# org.example.Steps.S02_Login.clicklogButton()&amp#27;[0m
  &amp#27;[32mThen &amp#27;[0m&amp#27;[32muser logged in successfully&amp#27;[0m                          &amp#27;[90m# org.example.Steps.S02_Login.UserLoggedIn()&amp#27;[0m
  &amp#27;[32mGiven &amp#27;[0m&amp#27;[32muser add First Item to compare list and check alert&amp#27;[0m &amp#27;[90m# org.example.Steps.S12_AddingItemsToCompareList.AddFirstItemToCompareList()&amp#27;[0m
  &amp#27;[32mWhen &amp#27;[0m&amp#27;[32muser add Second Item to compare list and check alert&amp#27;[0m &amp#27;[90m# org.example.Steps.S12_AddingItemsToCompareList.AddSecondItemToCompareList()&amp#27;[0m
  &amp#27;[32mAnd &amp#27;[0m&amp#27;[32muser navigate to compare list&amp#27;[0m                         &amp#27;[90m# org.example.Steps.S12_AddingItemsToCompareList.NavigateToComparePage()&amp#27;[0m
  &amp#27;[32mThen &amp#27;[0m&amp#27;[32mitems should be added successfully&amp#27;[0m                   &amp#27;[90m# org.example.Steps.S12_AddingItemsToCompareList.CheckItemsIsAdded()&amp#27;[0m

@smoke
Scenario: user complete process to check out (Happy Scenario)        &amp#27;[90m# src/main/resources/Features/F13_CreateSuccessfulOrder.feature:13&amp#27;[0m
  &amp#27;[32mGiven &amp#27;[0m&amp#27;[32muser navigate to Login page&amp#27;[0m                                  &amp#27;[90m# org.example.Steps.S02_Login.NavToLogin()&amp#27;[0m
  &amp#27;[32mWhen &amp#27;[0m&amp#27;[32mtype "&amp#27;[0m&amp#27;[32m&amp#27;[1mabaashelmy@gmail.com&amp#27;[0m&amp#27;[32m" and "&amp#27;[0m&amp#27;[32m&amp#27;[1m123123&amp#27;[0m&amp#27;[32m"&amp#27;[0m                      &amp#27;[90m# org.example.Steps.S02_Login.typeEmaiAndPass(java.lang.String,java.lang.String)&amp#27;[0m
  &amp#27;[32mAnd &amp#27;[0m&amp#27;[32mClick on Login button&amp#27;[0m                                          &amp#27;[90m# org.example.Steps.S02_Login.clicklogButton()&amp#27;[0m
  &amp#27;[32mAnd &amp#27;[0m&amp#27;[32muser logged in successfully&amp#27;[0m                                    &amp#27;[90m# org.example.Steps.S02_Login.UserLoggedIn()&amp#27;[0m
  &amp#27;[32mAnd &amp#27;[0m&amp#27;[32mnavigate to cell phone page&amp#27;[0m                                    &amp#27;[90m# org.example.Steps.S09_AddItemsToShoppingCart.NavigateToCellPage()&amp#27;[0m
  &amp#27;[32mAnd &amp#27;[0m&amp#27;[32mchoose first item&amp#27;[0m                                              &amp#27;[90m# org.example.Steps.S09_AddItemsToShoppingCart.ChooseFirstItemToAdd()&amp#27;[0m
  &amp#27;[32mAnd &amp#27;[0m&amp#27;[32mClick on add to cart to add first item and check alert message&amp#27;[0m &amp#27;[90m# org.example.Steps.S09_AddItemsToShoppingCart.ClickOnAddToCart1()&amp#27;[0m
  &amp#27;[32mThen &amp#27;[0m&amp#27;[32mnavigate to home page&amp#27;[0m                                         &amp#27;[90m# org.example.Steps.S09_AddItemsToShoppingCart.GobackToHomePage()&amp#27;[0m
  &amp#27;[32mGiven &amp#27;[0m&amp#27;[32muser Navigate To shoppping cart&amp#27;[0m                              &amp#27;[90m# org.example.Steps.S13_CreateSuccessfulOrder.navigateToCart()&amp#27;[0m
  &amp#27;[32mWhen &amp#27;[0m&amp#27;[32muser Choose Gift Graping&amp#27;[0m                                      &amp#27;[90m# org.example.Steps.S13_CreateSuccessfulOrder.userChooseGift()&amp#27;[0m
  &amp#27;[32mAnd &amp#27;[0m&amp#27;[32mfill check box of agreement&amp#27;[0m                                    &amp#27;[90m# org.example.Steps.S13_CreateSuccessfulOrder.checkBoxAggreament()&amp#27;[0m
  &amp#27;[32mAnd &amp#27;[0m&amp#27;[32mpress on Check Out&amp#27;[0m                                             &amp#27;[90m# org.example.Steps.S13_CreateSuccessfulOrder.presCheckOut()&amp#27;[0m
  &amp#27;[32mAnd &amp#27;[0m&amp#27;[32mFill remaining mandatory fields&amp#27;[0m                                &amp#27;[90m# org.example.Steps.S13_CreateSuccessfulOrder.FillMissingData()&amp#27;[0m
  &amp#27;[32mAnd &amp#27;[0m&amp#27;[32mChoose Shipping Method&amp#27;[0m                                         &amp#27;[90m# org.example.Steps.S13_CreateSuccessfulOrder.ChooseShippingMethod()&amp#27;[0m
  &amp#27;[32mAnd &amp#27;[0m&amp#27;[32mPress continue2&amp#27;[0m                                                &amp#27;[90m# org.example.Steps.S13_CreateSuccessfulOrder.pressCont2()&amp#27;[0m
  &amp#27;[32mAnd &amp#27;[0m&amp#27;[32mChoose Pyament Method&amp#27;[0m                                          &amp#27;[90m# org.example.Steps.S13_CreateSuccessfulOrder.choosePaymentMethod()&amp#27;[0m
  &amp#27;[32mAnd &amp#27;[0m&amp#27;[32mpress continue3&amp#27;[0m                                                &amp#27;[90m# org.example.Steps.S13_CreateSuccessfulOrder.Cont3()&amp#27;[0m
  &amp#27;[31mAnd &amp#27;[0m&amp#27;[31mCheck payment info url&amp#27;[0m                                         &amp#27;[90m# org.example.Steps.S13_CreateSuccessfulOrder.CheckPAyinfo()&amp#27;[0m
      &amp#27;[31mjava.lang.AssertionError: expected [true] but found [false]
	at org.testng.Assert.fail(Assert.java:110)
	at org.testng.Assert.failNotEquals(Assert.java:1413)
	at org.testng.Assert.assertTrue(Assert.java:56)
	at org.testng.Assert.assertTrue(Assert.java:66)
	at org.example.Steps.S13_CreateSuccessfulOrder.CheckPAyinfo(S13_CreateSuccessfulOrder.java:89)
	at âœ½.Check payment info url(file:///D:/Udacity/FinalNopEcommerceProject/demonopcommerce/src/main/resources/Features/F13_CreateSuccessfu]]></system-out>
    <system-err><![CDATA[Starting ChromeDriver 103.0.5060.53 (a1711811edd74ff1cf2150f36ffa3b0dae40b17f-refs/branch-heads/5060@{#853}) on port 49863
Only local connections are allowed.
Please see https://chromedriver.chromium.org/security-considerations for suggestions on keeping ChromeDriver safe.
ChromeDriver was started successfully.
Jul 19, 2022 12:17:02 AM org.openqa.selenium.remote.ProtocolHandshake createSession
INFO: Detected upstream dialect: W3C
Jul 19, 2022 12:17:02 AM org.openqa.selenium.devtools.CdpVersionFinder findNearestMatch
INFO: Found exact CDP implementation for version 103
]]></system-err>
  </testcase>
  <testcase name="runScenario[&quot;Navigate to Pages of first Sliders&quot;, &quot;Home Sliders Redirect to Specific pages&quot;](26)" classname="org.example.TestRunner.Runner" time="6.399">
    <failure message="expected [https://demo.nopcommerce.com/] but found [https://demo.nopcommerce.com/nokia-lumia-1020]" type="java.lang.AssertionError"><![CDATA[java.lang.AssertionError: expected [https://demo.nopcommerce.com/] but found [https://demo.nopcommerce.com/nokia-lumia-1020]
	at org.testng.Assert.fail(Assert.java:110)
	at org.testng.Assert.failNotEquals(Assert.java:1413)
	at org.testng.Assert.assertEqualsImpl(Assert.java:149)
	at org.testng.Assert.assertEquals(Assert.java:131)
	at org.testng.Assert.assertEquals(Assert.java:655)
	at org.testng.Assert.assertEquals(Assert.java:665)
	at org.example.Steps.S15_HomeSliders.CheckFirstUrl(S15_HomeSliders.java:29)
	at ✽.check the result of first url "https://demo.nopcommerce.com/nokia-lumia-1020"(file:///D:/Udacity/FinalNopEcommerceProject/demonopcommerce/src/main/resources/Features/F15_HomeSliders.feature:6)
]]></failure>
    <system-err><![CDATA[Starting ChromeDriver 103.0.5060.53 (a1711811edd74ff1cf2150f36ffa3b0dae40b17f-refs/branch-heads/5060@{#853}) on port 64984
Only local connections are allowed.
Please see https://chromedriver.chromium.org/security-considerations for suggestions on keeping ChromeDriver safe.
ChromeDriver was started successfully.
Jul 19, 2022 12:17:23 AM org.openqa.selenium.remote.ProtocolHandshake createSession
INFO: Detected upstream dialect: W3C
Jul 19, 2022 12:17:23 AM org.openqa.selenium.devtools.CdpVersionFinder findNearestMatch
INFO: Found exact CDP implementation for version 103
Starting ChromeDriver 103.0.5060.53 (a1711811edd74ff1cf2150f36ffa3b0dae40b17f-refs/branch-heads/5060@{#853}) on port 58975
Only local connections are allowed.
Please see https://chromedriver.chromium.org/security-considerations for suggestions on keeping ChromeDriver safe.
ChromeDriver was started successfully.
Jul 19, 2022 12:17:57 AM org.openqa.selenium.remote.ProtocolHandshake createSession
INFO: Detected upstream dialect: W3C
Jul 19, 2022 12:17:57 AM org.openqa.selenium.devtools.CdpVersionFinder findNearestMatch
INFO: Found exact CDP implementation for version 103
]]></system-err>
  </testcase>
</testsuite>